<?xml version="1.0" encoding="UTF-8"?>
<!-- Generated by org.testng.reporters.JUnitReportReporter -->
<testsuite skipped="0" hostname="DESKTOP-3J3D5PM" name="test.AddCategoryTest" tests="3" failures="0" timestamp="04 Dec 2022 23:36:51 GMT" time="19.596" errors="0">
  <testcase name="validUsershouldAbleToAddCategory" time="11.087" classname="test.AddCategoryTest"/>
  <testcase name="validUsershouldnotAbleToAddCategory" time="4.097" classname="test.AddCategoryTest"/>
  <testcase name="validateMpnthDropDown" time="4.412" classname="test.AddCategoryTest"/>
</testsuite> <!-- test.AddCategoryTest -->
